# JRE version: OpenJDK Runtime Environment GraalVM CE 22.3.1 (17.0.6+10) (build 17.0.6+10-jvmci-22.3-b13)
# Java VM: OpenJDK 64-Bit Server VM GraalVM CE 22.3.1 (17.0.6+10-jvmci-22.3-b13, mixed mode, sharing, tiered, jvmci, jvmci compiler, compressed oops, compressed class ptrs, g1 gc, linux-amd64)
Heap:
 garbage-first heap   total 518144K, used 431374K [0x00000000c0000000, 0x0000000100000000)
  region size 1024K, 31 young (31744K), 6 survivors (6144K)
 Metaspace       used 214125K, committed 214912K, reserved 1245184K
  class space    used 23696K, committed 24064K, reserved 1048576K
GC Heap History (20 events):
Event: 7547.378 GC heap before
{Heap before GC invocations=91 (full 0):
 garbage-first heap   total 518144K, used 441333K [0x00000000c0000000, 0x0000000100000000)
  region size 1024K, 208 young (212992K), 18 survivors (18432K)
 Metaspace       used 194921K, committed 195648K, reserved 1228800K
  class space    used 21865K, committed 22208K, reserved 1048576K
}
Event: 7547.404 GC heap after
{Heap after GC invocations=92 (full 0):
 garbage-first heap   total 518144K, used 251570K [0x00000000c0000000, 0x0000000100000000)
  region size 1024K, 13 young (13312K), 13 survivors (13312K)
 Metaspace       used 194921K, committed 195648K, reserved 1228800K
  class space    used 21865K, committed 22208K, reserved 1048576K
}
Event: 7561.233 GC heap before
{Heap before GC invocations=92 (full 0):
 garbage-first heap   total 518144K, used 435890K [0x00000000c0000000, 0x0000000100000000)
  region size 1024K, 190 young (194560K), 13 survivors (13312K)
 Metaspace       used 206165K, committed 206976K, reserved 1236992K
  class space    used 23121K, committed 23488K, reserved 1048576K
}
Event: 7561.260 GC heap after
{Heap after GC invocations=93 (full 0):
 garbage-first heap   total 518144K, used 263015K [0x00000000c0000000, 0x0000000100000000)
  region size 1024K, 20 young (20480K), 20 survivors (20480K)
 Metaspace       used 206165K, committed 206976K, reserved 1236992K
  class space    used 23121K, committed 23488K, reserved 1048576K
}
Event: 7564.185 GC heap before
{Heap before GC invocations=93 (full 0):
 garbage-first heap   total 518144K, used 435047K [0x00000000c0000000, 0x0000000100000000)
  region size 1024K, 186 young (190464K), 20 survivors (20480K)
 Metaspace       used 210826K, committed 211584K, reserved 1236992K
  class space    used 23469K, committed 23808K, reserved 1048576K
}
Event: 7564.221 GC heap after
{Heap after GC invocations=94 (full 0):
 garbage-first heap   total 518144K, used 292001K [0x00000000c0000000, 0x0000000100000000)
  region size 1024K, 24 young (24576K), 24 survivors (24576K)
 Metaspace       used 210826K, committed 211584K, reserved 1236992K
  class space    used 23469K, committed 23808K, reserved 1048576K
}
Event: 7565.369 GC heap before
{Heap before GC invocations=94 (full 0):
 garbage-first heap   total 518144K, used 418977K [0x00000000c0000000, 0x0000000100000000)
  region size 1024K, 149 young (152576K), 24 survivors (24576K)
 Metaspace       used 211467K, committed 212224K, reserved 1245184K
  class space    used 23497K, committed 23872K, reserved 1048576K
}
Event: 7565.404 GC heap after
{Heap after GC invocations=95 (full 0):
 garbage-first heap   total 518144K, used 312660K [0x00000000c0000000, 0x0000000100000000)
  region size 1024K, 19 young (19456K), 19 survivors (19456K)
 Metaspace       used 211467K, committed 212224K, reserved 1245184K
  class space    used 23497K, committed 23872K, reserved 1048576K
}
Event: 7566.970 GC heap before
{Heap before GC invocations=95 (full 0):
 garbage-first heap   total 518144K, used 416084K [0x00000000c0000000, 0x0000000100000000)
  region size 1024K, 120 young (122880K), 19 survivors (19456K)
 Metaspace       used 211604K, committed 212352K, reserved 1245184K
  class space    used 23505K, committed 23872K, reserved 1048576K
}
Event: 7566.987 GC heap after
{Heap after GC invocations=96 (full 0):
 garbage-first heap   total 518144K, used 324961K [0x00000000c0000000, 0x0000000100000000)
  region size 1024K, 15 young (15360K), 15 survivors (15360K)
 Metaspace       used 211604K, committed 212352K, reserved 1245184K
  class space    used 23505K, committed 23872K, reserved 1048576K
}
Event: 7587.069 GC heap before
{Heap before GC invocations=96 (full 0):
 garbage-first heap   total 518144K, used 419169K [0x00000000c0000000, 0x0000000100000000)
  region size 1024K, 104 young (106496K), 15 survivors (15360K)
 Metaspace       used 211755K, committed 212480K, reserved 1245184K
  class space    used 23507K, committed 23872K, reserved 1048576K
}
Event: 7587.090 GC heap after
{Heap after GC invocations=97 (full 0):
 garbage-first heap   total 518144K, used 339705K [0x00000000c0000000, 0x0000000100000000)
  region size 1024K, 13 young (13312K), 13 survivors (13312K)
 Metaspace       used 211755K, committed 212480K, reserved 1245184K
  class space    used 23507K, committed 23872K, reserved 1048576K
}
Event: 7591.855 GC heap before
{Heap before GC invocations=97 (full 0):
 garbage-first heap   total 518144K, used 428793K [0x00000000c0000000, 0x0000000100000000)
  region size 1024K, 92 young (94208K), 13 survivors (13312K)
 Metaspace       used 212003K, committed 212736K, reserved 1245184K
  class space    used 23517K, committed 23872K, reserved 1048576K
}
Event: 7591.875 GC heap after
{Heap after GC invocations=98 (full 0):
 garbage-first heap   total 518144K, used 353877K [0x00000000c0000000, 0x0000000100000000)
  region size 1024K, 6 young (6144K), 6 survivors (6144K)
 Metaspace       used 212003K, committed 212736K, reserved 1245184K
  class space    used 23517K, committed 23872K, reserved 1048576K
}
Event: 7597.605 GC heap before
{Heap before GC invocations=98 (full 0):
 garbage-first heap   total 518144K, used 435797K [0x00000000c0000000, 0x0000000100000000)
  region size 1024K, 79 young (80896K), 6 survivors (6144K)
 Metaspace       used 213052K, committed 213888K, reserved 1245184K
  class space    used 23605K, committed 24000K, reserved 1048576K
}
Event: 7597.654 GC heap after
{Heap after GC invocations=99 (full 0):
 garbage-first heap   total 518144K, used 369261K [0x00000000c0000000, 0x0000000100000000)
  region size 1024K, 10 young (10240K), 10 survivors (10240K)
 Metaspace       used 213052K, committed 213888K, reserved 1245184K
  class space    used 23605K, committed 24000K, reserved 1048576K
}
Event: 7690.238 GC heap before
{Heap before GC invocations=99 (full 0):
 garbage-first heap   total 518144K, used 435821K [0x00000000c0000000, 0x0000000100000000)
  region size 1024K, 73 young (74752K), 10 survivors (10240K)
 Metaspace       used 213443K, committed 214208K, reserved 1245184K
  class space    used 23658K, committed 24000K, reserved 1048576K
}
Event: 7690.259 GC heap after
{Heap after GC invocations=100 (full 0):
 garbage-first heap   total 518144K, used 387255K [0x00000000c0000000, 0x0000000100000000)
  region size 1024K, 10 young (10240K), 10 survivors (10240K)
 Metaspace       used 213443K, committed 214208K, reserved 1245184K
  class space    used 23658K, committed 24000K, reserved 1048576K
}
Event: 8011.704 GC heap before
{Heap before GC invocations=100 (full 0):
 garbage-first heap   total 518144K, used 438455K [0x00000000c0000000, 0x0000000100000000)
  region size 1024K, 58 young (59392K), 10 survivors (10240K)
 Metaspace       used 213797K, committed 214528K, reserved 1245184K
  class space    used 23658K, committed 24000K, reserved 1048576K
}
Event: 8011.723 GC heap after
{Heap after GC invocations=101 (full 0):
 garbage-first heap   total 518144K, used 396558K [0x00000000c0000000, 0x0000000100000000)
  region size 1024K, 6 young (6144K), 6 survivors (6144K)
 Metaspace       used 213797K, committed 214528K, reserved 1245184K
  class space    used 23658K, committed 24000K, reserved 1048576K
}

